生成启动时间为 2017/11/22 17:43:24。
     1>项目“D:\project\cad\cad\cad.vcxproj”在节点 2 上(Build 个目标)。
     1>ClCompile:
         D:\program\Microsoft Visual Studio 12.0\VC\bin\CL.exe /c /ID:\project\eigen3\Eigen /ZI /nologo /W3 /WX- /sdl /Od /Oy- /D WIN32 /D _DEBUG /D _CONSOLE /D _LIB /D _UNICODE /D UNICODE /Gm /EHsc /RTC1 /MDd /GS /fp:precise /Zc:wchar_t /Zc:forScope /Fo"Debug\\" /Fd"Debug\vc120.pdb" /Gd /TP /analyze- /errorReport:prompt demo.cpp
         demo.cpp
     1>d:\project\cad\cad\construct.h(39): warning C4244: “参数”: 从“double”转换到“GLfloat”，可能丢失数据
     1>d:\project\cad\cad\construct.h(110): warning C4305: “参数”: 从“double”到“GLfloat”截断
     1>d:\project\cad\cad\construct.h(112): warning C4244: “参数”: 从“double”转换到“GLfloat”，可能丢失数据
     1>d:\project\cad\cad\construct.h(113): warning C4244: “参数”: 从“double”转换到“GLfloat”，可能丢失数据
     1>d:\project\cad\cad\demo.cpp(46): warning C4244: “参数”: 从“double”转换到“GLfloat”，可能丢失数据
     1>d:\project\cad\cad\demo.cpp(47): warning C4244: “参数”: 从“double”转换到“GLfloat”，可能丢失数据
     1>d:\project\cad\cad\demo.cpp(50): warning C4244: “参数”: 从“double”转换到“GLfloat”，可能丢失数据
     1>d:\project\cad\cad\demo.cpp(51): warning C4244: “参数”: 从“double”转换到“GLfloat”，可能丢失数据
     1>d:\project\cad\cad\demo.cpp(53): warning C4244: “参数”: 从“double”转换到“GLfloat”，可能丢失数据
       Link:
         D:\program\Microsoft Visual Studio 12.0\VC\bin\link.exe /ERRORREPORT:PROMPT /OUT:"D:\project\cad\Debug\cad.exe" /INCREMENTAL /NOLOGO kernel32.lib user32.lib gdi32.lib winspool.lib comdlg32.lib advapi32.lib shell32.lib ole32.lib oleaut32.lib uuid.lib odbc32.lib odbccp32.lib /MANIFEST /MANIFESTUAC:"level='asInvoker' uiAccess='false'" /manifest:embed /DEBUG /PDB:"D:\project\cad\Debug\cad.pdb" /SUBSYSTEM:CONSOLE /TLBID:1 /DYNAMICBASE /NXCOMPAT /IMPLIB:"D:\project\cad\Debug\cad.lib" /MACHINE:X86 Debug\demo.obj
         cad.vcxproj -> D:\project\cad\Debug\cad.exe
     1>已完成生成项目“D:\project\cad\cad\cad.vcxproj”(Build 个目标)的操作。

生成成功。

已用时间 00:00:03.00
